<?xml version="1.0" encoding="UTF-8"?>
<testng-results ignored="0" total="1" passed="1" failed="0" skipped="0">
  <reporter-output>
  </reporter-output>
  <suite started-at="2023-09-17T15:57:41 IST" name="Suite" finished-at="2023-09-17T15:57:43 IST" duration-ms="1531">
    <groups>
    </groups>
    <test started-at="2023-09-17T15:57:41 IST" name="Test" finished-at="2023-09-17T15:57:43 IST" duration-ms="1531">
      <class name="org.testng.TestNG_Adactin">
        <test-method signature="adactin(java.lang.String,java.lang.String)[pri:0, instance:org.testng.TestNG_Adactin@4e4efc1b]" started-at="2023-09-17T15:57:41 IST" name="adactin" finished-at="2023-09-17T15:57:43 IST" duration-ms="1480" status="PASS">
          <params>
            <param index="0">
              <value>
                <![CDATA[Ragul12345678]]>
              </value>
            </param>
            <param index="1">
              <value>
                <![CDATA[Ragul@1710]]>
              </value>
            </param>
          </params>
          <reporter-output>
          </reporter-output>
        </test-method> <!-- adactin -->
      </class> <!-- org.testng.TestNG_Adactin -->
    </test> <!-- Test -->
  </suite> <!-- Suite -->
</testng-results>
